{"D:\\VECV\\Unit Tests\\RestJest\\server.js": {"path":"D:\\VECV\\Unit Tests\\RestJest\\server.js","statementMap":{"0":{"start":{"line":4,"column":12},"end":{"line":4,"column":21}},"1":{"start":{"line":5,"column":13},"end":{"line":5,"column":17}},"2":{"start":{"line":7,"column":0},"end":{"line":7,"column":24}},"3":{"start":{"line":10,"column":0},"end":{"line":10,"column":21}},"4":{"start":{"line":13,"column":0},"end":{"line":15,"column":3}},"5":{"start":{"line":14,"column":2},"end":{"line":14,"column":54}},"6":{"start":{"line":18,"column":0},"end":{"line":21,"column":3}},"7":{"start":{"line":19,"column":2},"end":{"line":19,"column":27}},"8":{"start":{"line":20,"column":2},"end":{"line":20,"column":59}},"9":{"start":{"line":24,"column":0},"end":{"line":26,"column":3}},"10":{"start":{"line":25,"column":2},"end":{"line":25,"column":47}},"11":{"start":{"line":28,"column":0},"end":{"line":30,"column":3}},"12":{"start":{"line":29,"column":2},"end":{"line":29,"column":102}}},"fnMap":{"0":{"name":"(anonymous_0)","decl":{"start":{"line":13,"column":16},"end":{"line":13,"column":17}},"loc":{"start":{"line":13,"column":30},"end":{"line":15,"column":1}},"line":13},"1":{"name":"(anonymous_1)","decl":{"start":{"line":18,"column":8},"end":{"line":18,"column":9}},"loc":{"start":{"line":18,"column":33},"end":{"line":21,"column":1}},"line":18},"2":{"name":"(anonymous_2)","decl":{"start":{"line":24,"column":8},"end":{"line":24,"column":9}},"loc":{"start":{"line":24,"column":22},"end":{"line":26,"column":1}},"line":24},"3":{"name":"(anonymous_3)","decl":{"start":{"line":28,"column":17},"end":{"line":28,"column":18}},"loc":{"start":{"line":28,"column":23},"end":{"line":30,"column":1}},"line":28}},"branchMap":{},"s":{"0":1,"1":1,"2":1,"3":1,"4":1,"5":1,"6":1,"7":0,"8":0,"9":1,"10":2,"11":1,"12":1},"f":{"0":1,"1":0,"2":2,"3":1},"b":{},"inputSourceMap":null,"_coverageSchema":"1a1c01bbd47fc00a2c39e90264f33305004495a9","hash":"ff32d88c080c372a6c649c51da1bc21c07bd6a9e"}
,"D:\\VECV\\Unit Tests\\RestJest\\controllers\\CUser.js": {"path":"D:\\VECV\\Unit Tests\\RestJest\\controllers\\CUser.js","statementMap":{"0":{"start":{"line":4,"column":22},"end":{"line":26,"column":1}},"1":{"start":{"line":6,"column":2},"end":{"line":11,"column":3}},"2":{"start":{"line":7,"column":4},"end":{"line":9,"column":7}},"3":{"start":{"line":10,"column":4},"end":{"line":10,"column":11}},"4":{"start":{"line":14,"column":15},"end":{"line":16,"column":4}},"5":{"start":{"line":19,"column":2},"end":{"line":25,"column":5}},"6":{"start":{"line":20,"column":4},"end":{"line":24,"column":24}},"7":{"start":{"line":21,"column":6},"end":{"line":23,"column":9}},"8":{"start":{"line":24,"column":9},"end":{"line":24,"column":24}},"9":{"start":{"line":29,"column":23},"end":{"line":37,"column":1}},"10":{"start":{"line":30,"column":2},"end":{"line":36,"column":5}},"11":{"start":{"line":31,"column":4},"end":{"line":35,"column":24}},"12":{"start":{"line":32,"column":6},"end":{"line":34,"column":9}},"13":{"start":{"line":35,"column":9},"end":{"line":35,"column":24}},"14":{"start":{"line":40,"column":23},"end":{"line":54,"column":1}},"15":{"start":{"line":41,"column":2},"end":{"line":53,"column":5}},"16":{"start":{"line":42,"column":4},"end":{"line":52,"column":26}},"17":{"start":{"line":43,"column":6},"end":{"line":51,"column":7}},"18":{"start":{"line":44,"column":8},"end":{"line":46,"column":11}},"19":{"start":{"line":48,"column":8},"end":{"line":50,"column":11}},"20":{"start":{"line":52,"column":11},"end":{"line":52,"column":26}},"21":{"start":{"line":57,"column":22},"end":{"line":79,"column":1}},"22":{"start":{"line":59,"column":2},"end":{"line":64,"column":3}},"23":{"start":{"line":60,"column":4},"end":{"line":62,"column":7}},"24":{"start":{"line":63,"column":4},"end":{"line":63,"column":11}},"25":{"start":{"line":66,"column":2},"end":{"line":78,"column":5}},"26":{"start":{"line":67,"column":4},"end":{"line":77,"column":26}},"27":{"start":{"line":68,"column":6},"end":{"line":76,"column":7}},"28":{"start":{"line":69,"column":8},"end":{"line":71,"column":11}},"29":{"start":{"line":73,"column":8},"end":{"line":75,"column":11}},"30":{"start":{"line":77,"column":11},"end":{"line":77,"column":26}},"31":{"start":{"line":82,"column":23},"end":{"line":96,"column":1}},"32":{"start":{"line":83,"column":2},"end":{"line":95,"column":5}},"33":{"start":{"line":84,"column":4},"end":{"line":94,"column":67}},"34":{"start":{"line":85,"column":6},"end":{"line":93,"column":7}},"35":{"start":{"line":86,"column":8},"end":{"line":88,"column":11}},"36":{"start":{"line":90,"column":8},"end":{"line":92,"column":11}},"37":{"start":{"line":94,"column":11},"end":{"line":94,"column":67}},"38":{"start":{"line":99,"column":25},"end":{"line":107,"column":1}},"39":{"start":{"line":100,"column":2},"end":{"line":106,"column":5}},"40":{"start":{"line":101,"column":4},"end":{"line":105,"column":71}},"41":{"start":{"line":102,"column":6},"end":{"line":104,"column":9}},"42":{"start":{"line":105,"column":9},"end":{"line":105,"column":71}}},"fnMap":{"0":{"name":"(anonymous_0)","decl":{"start":{"line":4,"column":22},"end":{"line":4,"column":23}},"loc":{"start":{"line":4,"column":36},"end":{"line":26,"column":1}},"line":4},"1":{"name":"(anonymous_1)","decl":{"start":{"line":19,"column":20},"end":{"line":19,"column":21}},"loc":{"start":{"line":19,"column":35},"end":{"line":25,"column":3}},"line":19},"2":{"name":"(anonymous_2)","decl":{"start":{"line":29,"column":23},"end":{"line":29,"column":24}},"loc":{"start":{"line":29,"column":37},"end":{"line":37,"column":1}},"line":29},"3":{"name":"(anonymous_3)","decl":{"start":{"line":30,"column":14},"end":{"line":30,"column":15}},"loc":{"start":{"line":30,"column":29},"end":{"line":36,"column":3}},"line":30},"4":{"name":"(anonymous_4)","decl":{"start":{"line":40,"column":23},"end":{"line":40,"column":24}},"loc":{"start":{"line":40,"column":37},"end":{"line":54,"column":1}},"line":40},"5":{"name":"(anonymous_5)","decl":{"start":{"line":41,"column":35},"end":{"line":41,"column":36}},"loc":{"start":{"line":41,"column":50},"end":{"line":53,"column":3}},"line":41},"6":{"name":"(anonymous_6)","decl":{"start":{"line":57,"column":22},"end":{"line":57,"column":23}},"loc":{"start":{"line":57,"column":36},"end":{"line":79,"column":1}},"line":57},"7":{"name":"(anonymous_7)","decl":{"start":{"line":66,"column":57},"end":{"line":66,"column":58}},"loc":{"start":{"line":66,"column":72},"end":{"line":78,"column":3}},"line":66},"8":{"name":"(anonymous_8)","decl":{"start":{"line":82,"column":23},"end":{"line":82,"column":24}},"loc":{"start":{"line":82,"column":37},"end":{"line":96,"column":1}},"line":82},"9":{"name":"(anonymous_9)","decl":{"start":{"line":83,"column":33},"end":{"line":83,"column":34}},"loc":{"start":{"line":83,"column":48},"end":{"line":95,"column":3}},"line":83},"10":{"name":"(anonymous_10)","decl":{"start":{"line":99,"column":25},"end":{"line":99,"column":26}},"loc":{"start":{"line":99,"column":39},"end":{"line":107,"column":1}},"line":99},"11":{"name":"(anonymous_11)","decl":{"start":{"line":100,"column":17},"end":{"line":100,"column":18}},"loc":{"start":{"line":100,"column":32},"end":{"line":106,"column":3}},"line":100}},"branchMap":{"0":{"loc":{"start":{"line":6,"column":2},"end":{"line":11,"column":3}},"type":"if","locations":[{"start":{"line":6,"column":2},"end":{"line":11,"column":3}},{"start":{},"end":{}}],"line":6},"1":{"loc":{"start":{"line":20,"column":4},"end":{"line":24,"column":24}},"type":"if","locations":[{"start":{"line":20,"column":4},"end":{"line":24,"column":24}},{"start":{"line":24,"column":9},"end":{"line":24,"column":24}}],"line":20},"2":{"loc":{"start":{"line":22,"column":17},"end":{"line":22,"column":78}},"type":"binary-expr","locations":[{"start":{"line":22,"column":17},"end":{"line":22,"column":28}},{"start":{"line":22,"column":32},"end":{"line":22,"column":78}}],"line":22},"3":{"loc":{"start":{"line":31,"column":4},"end":{"line":35,"column":24}},"type":"if","locations":[{"start":{"line":31,"column":4},"end":{"line":35,"column":24}},{"start":{"line":35,"column":9},"end":{"line":35,"column":24}}],"line":31},"4":{"loc":{"start":{"line":33,"column":17},"end":{"line":33,"column":77}},"type":"binary-expr","locations":[{"start":{"line":33,"column":17},"end":{"line":33,"column":28}},{"start":{"line":33,"column":32},"end":{"line":33,"column":77}}],"line":33},"5":{"loc":{"start":{"line":42,"column":4},"end":{"line":52,"column":26}},"type":"if","locations":[{"start":{"line":42,"column":4},"end":{"line":52,"column":26}},{"start":{"line":52,"column":11},"end":{"line":52,"column":26}}],"line":42},"6":{"loc":{"start":{"line":43,"column":6},"end":{"line":51,"column":7}},"type":"if","locations":[{"start":{"line":43,"column":6},"end":{"line":51,"column":7}},{"start":{"line":47,"column":13},"end":{"line":51,"column":7}}],"line":43},"7":{"loc":{"start":{"line":59,"column":2},"end":{"line":64,"column":3}},"type":"if","locations":[{"start":{"line":59,"column":2},"end":{"line":64,"column":3}},{"start":{},"end":{}}],"line":59},"8":{"loc":{"start":{"line":67,"column":4},"end":{"line":77,"column":26}},"type":"if","locations":[{"start":{"line":67,"column":4},"end":{"line":77,"column":26}},{"start":{"line":77,"column":11},"end":{"line":77,"column":26}}],"line":67},"9":{"loc":{"start":{"line":68,"column":6},"end":{"line":76,"column":7}},"type":"if","locations":[{"start":{"line":68,"column":6},"end":{"line":76,"column":7}},{"start":{"line":72,"column":13},"end":{"line":76,"column":7}}],"line":68},"10":{"loc":{"start":{"line":84,"column":4},"end":{"line":94,"column":67}},"type":"if","locations":[{"start":{"line":84,"column":4},"end":{"line":94,"column":67}},{"start":{"line":94,"column":11},"end":{"line":94,"column":67}}],"line":84},"11":{"loc":{"start":{"line":85,"column":6},"end":{"line":93,"column":7}},"type":"if","locations":[{"start":{"line":85,"column":6},"end":{"line":93,"column":7}},{"start":{"line":89,"column":13},"end":{"line":93,"column":7}}],"line":85},"12":{"loc":{"start":{"line":101,"column":4},"end":{"line":105,"column":71}},"type":"if","locations":[{"start":{"line":101,"column":4},"end":{"line":105,"column":71}},{"start":{"line":105,"column":9},"end":{"line":105,"column":71}}],"line":101},"13":{"loc":{"start":{"line":103,"column":17},"end":{"line":103,"column":79}},"type":"binary-expr","locations":[{"start":{"line":103,"column":17},"end":{"line":103,"column":28}},{"start":{"line":103,"column":32},"end":{"line":103,"column":79}}],"line":103}},"s":{"0":2,"1":0,"2":0,"3":0,"4":0,"5":0,"6":0,"7":0,"8":0,"9":2,"10":2,"11":2,"12":1,"13":1,"14":2,"15":0,"16":0,"17":0,"18":0,"19":0,"20":0,"21":2,"22":0,"23":0,"24":0,"25":0,"26":0,"27":0,"28":0,"29":0,"30":0,"31":2,"32":0,"33":0,"34":0,"35":0,"36":0,"37":0,"38":2,"39":0,"40":0,"41":0,"42":0},"f":{"0":0,"1":0,"2":2,"3":2,"4":0,"5":0,"6":0,"7":0,"8":0,"9":0,"10":0,"11":0},"b":{"0":[0,0],"1":[0,0],"2":[0,0],"3":[1,1],"4":[1,0],"5":[0,0],"6":[0,0],"7":[0,0],"8":[0,0],"9":[0,0],"10":[0,0],"11":[0,0],"12":[0,0],"13":[0,0]},"inputSourceMap":null,"_coverageSchema":"1a1c01bbd47fc00a2c39e90264f33305004495a9","hash":"aece77eb24ba3aa612b94b72c4b3e88cb03a70a7"}
,"D:\\VECV\\Unit Tests\\RestJest\\routes\\RUser.js": {"path":"D:\\VECV\\Unit Tests\\RestJest\\routes\\RUser.js","statementMap":{"0":{"start":{"line":4,"column":15},"end":{"line":4,"column":31}},"1":{"start":{"line":7,"column":0},"end":{"line":7,"column":45}},"2":{"start":{"line":10,"column":0},"end":{"line":10,"column":45}},"3":{"start":{"line":13,"column":0},"end":{"line":13,"column":53}},"4":{"start":{"line":16,"column":0},"end":{"line":16,"column":52}},"5":{"start":{"line":19,"column":0},"end":{"line":19,"column":56}},"6":{"start":{"line":22,"column":0},"end":{"line":22,"column":50}}},"fnMap":{},"branchMap":{},"s":{"0":1,"1":1,"2":1,"3":1,"4":1,"5":1,"6":1},"f":{},"b":{},"inputSourceMap":null,"_coverageSchema":"1a1c01bbd47fc00a2c39e90264f33305004495a9","hash":"605797bbc35a98d83464b63e3fa8b6453082a90a"}
}
