TN:
SF:server.js
FN:13,(anonymous_0)
FN:18,(anonymous_1)
FN:24,(anonymous_2)
FN:28,(anonymous_3)
FNF:4
FNH:3
FNDA:1,(anonymous_0)
FNDA:0,(anonymous_1)
FNDA:2,(anonymous_2)
FNDA:1,(anonymous_3)
DA:4,1
DA:5,1
DA:7,1
DA:10,1
DA:13,1
DA:14,1
DA:18,1
DA:19,0
DA:20,0
DA:24,1
DA:25,2
DA:28,1
DA:29,1
LF:13
LH:11
BRF:0
BRH:0
end_of_record
TN:
SF:controllers\CUser.js
FN:4,(anonymous_0)
FN:19,(anonymous_1)
FN:29,(anonymous_2)
FN:30,(anonymous_3)
FN:40,(anonymous_4)
FN:41,(anonymous_5)
FN:57,(anonymous_6)
FN:66,(anonymous_7)
FN:82,(anonymous_8)
FN:83,(anonymous_9)
FN:99,(anonymous_10)
FN:100,(anonymous_11)
FNF:12
FNH:2
FNDA:0,(anonymous_0)
FNDA:0,(anonymous_1)
FNDA:2,(anonymous_2)
FNDA:2,(anonymous_3)
FNDA:0,(anonymous_4)
FNDA:0,(anonymous_5)
FNDA:0,(anonymous_6)
FNDA:0,(anonymous_7)
FNDA:0,(anonymous_8)
FNDA:0,(anonymous_9)
FNDA:0,(anonymous_10)
FNDA:0,(anonymous_11)
DA:4,2
DA:6,0
DA:7,0
DA:10,0
DA:14,0
DA:19,0
DA:20,0
DA:21,0
DA:24,0
DA:29,2
DA:30,2
DA:31,2
DA:32,1
DA:35,1
DA:40,2
DA:41,0
DA:42,0
DA:43,0
DA:44,0
DA:48,0
DA:52,0
DA:57,2
DA:59,0
DA:60,0
DA:63,0
DA:66,0
DA:67,0
DA:68,0
DA:69,0
DA:73,0
DA:77,0
DA:82,2
DA:83,0
DA:84,0
DA:85,0
DA:86,0
DA:90,0
DA:94,0
DA:99,2
DA:100,0
DA:101,0
DA:102,0
DA:105,0
LF:43
LH:10
BRDA:6,0,0,0
BRDA:6,0,1,0
BRDA:20,1,0,0
BRDA:20,1,1,0
BRDA:22,2,0,0
BRDA:22,2,1,0
BRDA:31,3,0,1
BRDA:31,3,1,1
BRDA:33,4,0,1
BRDA:33,4,1,0
BRDA:42,5,0,0
BRDA:42,5,1,0
BRDA:43,6,0,0
BRDA:43,6,1,0
BRDA:59,7,0,0
BRDA:59,7,1,0
BRDA:67,8,0,0
BRDA:67,8,1,0
BRDA:68,9,0,0
BRDA:68,9,1,0
BRDA:84,10,0,0
BRDA:84,10,1,0
BRDA:85,11,0,0
BRDA:85,11,1,0
BRDA:101,12,0,0
BRDA:101,12,1,0
BRDA:103,13,0,0
BRDA:103,13,1,0
BRF:28
BRH:3
end_of_record
TN:
SF:routes\RUser.js
FNF:0
FNH:0
DA:4,1
DA:7,1
DA:10,1
DA:13,1
DA:16,1
DA:19,1
DA:22,1
LF:7
LH:7
BRF:0
BRH:0
end_of_record
